wear/build/outputs/mapping/debug/seeds.txt
com.app.fityo.wear.ui.WearMainActivity
com.app.fityo.data_layer.db.dao.DaoNotifications
com.app.fityo.data_layer.db.DB.DbFit
com.app.fityo.data_layer.db.DB.DbFit_Impl
com.app.fityo.data_layer.db.dao.DaoSchede
com.app.fityo.data_layer.db.dao.DaoEssercissi
com.app.fityo.data_layer.db.dao.DaoSchede: java.lang.Object getPercentualePerGruppoMuscolare(kotlin.coroutines.Continuation)
com.app.fityo.data_layer.db.dao.DaoEssercissi: java.lang.Object insert(com.app.fityo.data_layer.db.EsserciziEntity,kotlin.coroutines.Continuation)
com.app.fityo.wear.ui.WearMainActivity: WearMainActivity()
com.app.fityo.data_layer.db.dao.DaoSchede: java.lang.Object updateTime(int,java.lang.String,kotlin.coroutines.Continuation)
com.app.fityo.data_layer.db.dao.DaoSchede: java.lang.Object getWorkoutCountByWeekday(java.lang.String,java.lang.String,kotlin.coroutines.Continuation)
com.app.fityo.wear.ui.WearViewModel: WearViewModel(android.app.Application)
com.app.fityo.data_layer.db.dao.DaoEssercissi: java.lang.Object countEsserciziById(int,kotlin.coroutines.Continuation)
com.app.fityo.data_layer.db.dao.DaoNotifications: java.lang.Object markAsRead(int,kotlin.coroutines.Continuation)
com.app.fityo.data_layer.db.dao.DaoNotifications: androidx.lifecycle.LiveData getUnreadCount()
com.app.fityo.data_layer.db.dao.DaoSchede: java.lang.Object getAllSchede(kotlin.coroutines.Continuation)
com.app.fityo.data_layer.db.converters.Converters: java.util.List toStringList(java.lang.String)
com.app.fityo.data_layer.db.dao.DaoSchede: java.lang.Object getSchedeInDateRange(java.lang.String,java.lang.String,kotlin.coroutines.Continuation)
com.app.fityo.data_layer.db.dao.DaoEssercissi: java.lang.Object deleteFromId(int,kotlin.coroutines.Continuation)
com.app.fityo.data_layer.db.dao.DaoEssercissi: androidx.lifecycle.LiveData getAllById(int)
com.app.fityo.data_layer.db.dao.DaoNotifications: java.lang.Object delete(com.app.fityo.data_layer.db.NotificationEntity,kotlin.coroutines.Continuation)
com.app.fityo.data_layer.db.dao.DaoNotifications: java.lang.Object deleteOlderThan(long,kotlin.coroutines.Continuation)
com.app.fityo.data_layer.db.dao.DaoSchede: java.lang.Object delete(com.app.fityo.data_layer.db.SchedeEntity,kotlin.coroutines.Continuation)
com.app.fityo.data_layer.db.dao.DaoNotifications: java.lang.Object update(com.app.fityo.data_layer.db.NotificationEntity,kotlin.coroutines.Continuation)
com.app.fityo.data_layer.db.dao.DaoSchede: java.lang.Object insert(com.app.fityo.data_layer.db.SchedeEntity,kotlin.coroutines.Continuation)
com.app.fityo.data_layer.db.dao.DaoSchede: java.lang.Object countSchede(kotlin.coroutines.Continuation)
com.app.fityo.data_layer.db.dao.DaoSchede: java.lang.Object getSchedeWithTime(kotlin.coroutines.Continuation)
com.app.fityo.data_layer.db.dao.DaoSchede: java.lang.Object getMostTrainedMuscleGroup(kotlin.coroutines.Continuation)
com.app.fityo.data_layer.db.dao.DaoNotifications: androidx.lifecycle.LiveData getAllNotifications()
com.app.fityo.data_layer.db.dao.DaoSchede: java.lang.Object getAverageWorkoutsPerWeek(kotlin.coroutines.Continuation)
com.app.fityo.data_layer.db.dao.DaoSchede: java.lang.Object update(com.app.fityo.data_layer.db.SchedeEntity,kotlin.coroutines.Continuation)
com.app.fityo.data_layer.db.dao.DaoEssercissi: androidx.lifecycle.LiveData getEssercissiBySchedaId(int)
com.app.fityo.data_layer.db.dao.DaoSchede: java.lang.Object getPercentualePerGruppoMuscolareInDateRange(java.lang.String,java.lang.String,kotlin.coroutines.Continuation)
com.app.fityo.data_layer.db.converters.Converters: java.lang.String fromStringList(java.util.List)
com.app.fityo.data_layer.db.dao.DaoSchede: java.lang.Object countFavoriteSchede(kotlin.coroutines.Continuation)
com.app.fityo.data_layer.db.dao.DaoNotifications: androidx.lifecycle.LiveData getUnreadNotifications()
com.app.fityo.data_layer.db.dao.DaoSchede: java.lang.Object getDaysSinceLastWorkout(kotlin.coroutines.Continuation)
...
androidx.wear.ambient.AmbientLifecycleObserver$AmbientDetails: java.lang.String toString()
com.google.gson.ToNumberPolicy: com.google.gson.ToNumberPolicy valueOf(java.lang.String)
androidx.compose.runtime.ComposerImpl: void insertMovableContentGuarded(java.util.List)
androidx.fragment.app.Fragment: void onActivityCreated(android.os.Bundle)
androidx.compose.ui.text.AnnotationType: androidx.compose.ui.text.AnnotationType[] values()
androidx.lifecycle.ReportFragment$LifecycleCallbacks: void onActivityPostResumed(android.app.Activity)
androidx.core.view.ViewCompat$Api20Impl: android.view.WindowInsets dispatchApplyWindowInsets(android.view.View,android.view.WindowInsets)
androidx.fragment.app.Fragment: androidx.fragment.app.Fragment requireParentFragment()
androidx.lifecycle.ProcessLifecycleOwner$attach$1: void onActivityPreCreated(android.app.Activity,android.os.Bundle)
androidx.compose.runtime.ComposerKt: void insertIfMissing(java.util.List,int,androidx.compose.runtime.RecomposeScopeImpl,java.lang.Object)
androidx.core.view.WindowInsetsCompat$Impl20: boolean isVisible(int)
androidx.compose.ui.graphics.layer.view.PlaceholderHardwareCanvas: boolean isHardwareAccelerated()
androidx.wear.widget.drawer.PageIndicatorView: float getDotShadowDy()
androidx.compose.runtime.ComposerImpl: kotlin.Unit insertMovableContentGuarded$lambda$41$lambda$40$lambda$39$lambda$38$lambda$37$lambda$36$lambda$35(androidx.compose.runtime.ComposerImpl,androidx.compose.runtime.MovableContentStateReference)
androidx.lifecycle.EmptyActivityLifecycleCallbacks: void onActivityResumed(android.app.Activity)
androidx.lifecycle.ProcessLifecycleOwner$attach$1: ProcessLifecycleOwner$attach$1(androidx.lifecycle.ProcessLifecycleOwner)
androidx.core.view.WindowInsetsCompat$Impl21: void setStableInsets(androidx.core.graphics.Insets)
androidx.compose.ui.platform.AndroidComposeView: void setDensity(androidx.compose.ui.unit.Density)
androidx.lifecycle.EmptyActivityLifecycleCallbacks: void onActivityCreated(android.app.Activity,android.os.Bundle)
androidx.lifecycle.ReportFragment$LifecycleCallbacks: void onActivityPrePaused(android.app.Activity)
androidx.compose.runtime.ComposerImpl: void skipToGroupEnd()
androidx.compose.runtime.ComposerImpl: void sourceInformation(java.lang.String)
androidx.compose.runtime.ComposerImpl: void recomposeToGroupEnd()
androidx.activity.ComponentActivity$Api33Impl: android.window.OnBackInvokedDispatcher getOnBackInvokedDispatcher(android.app.Activity)
androidx.compose.ui.platform.AbstractComposeView: void setParentCompositionContext(androidx.compose.runtime.CompositionContext)
androidx.core.view.WindowInsetsCompat$BuilderImpl20: WindowInsetsCompat$BuilderImpl20(androidx.core.view.WindowInsetsCompat)
androidx.compose.runtime.ComposerImpl: java.util.List doCompose_aFTiNEg$lambda$56$lambda$55(androidx.compose.runtime.ComposerImpl)
androidx.fragment.app.Fragment: java.lang.Object getSharedElementReturnTransition()
com.google.android.gms.common.api.GoogleApiActivity: GoogleApiActivity()
androidx.wear.widget.CircledImageView: void setProgress(float)
kotlinx.coroutines.android.AndroidExceptionPreHandler: void handleException(kotlin.coroutines.CoroutineContext,java.lang.Throwable)
androidx.lifecycle.LegacySavedStateHandleController$OnRecreation: LegacySavedStateHandleController$OnRecreation()
androidx.compose.ui.platform.AndroidComposeView: androidx.compose.ui.geometry.Rect getEmbeddedViewFocusRect()
androidx.fragment.app.Fragment: android.animation.Animator onCreateAnimator(int,boolean,int)
androidx.fragment.app.Fragment: void startActivityForResult(android.content.Intent,int,android.os.Bundle)
androidx.room.util.TableInfo$Column: void getAffinity$annotations()
androidx.core.view.WindowInsetsCompat$Impl20: WindowInsetsCompat$Impl20(androidx.core.view.WindowInsetsCompat,android.view.WindowInsets)
androidx.wear.widget.drawer.PageIndicatorView: float getDotRadiusSelected()
androidx.compose.runtime.ComposerImpl: void updateRememberedValue(java.lang.Object)