wear/build/outputs/mapping/debug/mapping.txt
# compiler: R8
# compiler_version: 8.6.17
# min_api: 30
# common_typos_disable
# {"id":"com.android.tools.r8.mapping","version":"2.2"}
# pg_map_id: 1d7cef0
# pg_map_hash: SHA-256 1d7cef03112790b24072d74257d527276d4f134cb7137b0e7f817b841df7368e
com.app.fityo.data_layer.db.DB.DbFit -> com.app.fityo.data_layer.db.DB.DbFit:
# {"id":"sourceFile","fileName":"DbClient.kt"}
    40:40:void <clinit>() -> <clinit>
    49:49:void <clinit>() -> <clinit>
    70:70:void <clinit>() -> <clinit>
    80:80:void <clinit>() -> <clinit>
    18:18:void <init>() -> <init>
    28:28:void <init>() -> <init>
    18:18:com.app.fityo.data_layer.db.DB.DbFit access$getINSTANCE$cp() -> access$getINSTANCE$cp
    18:18:com.app.fityo.data_layer.db.DB.DbFit$Companion$MIGRATION_1_2$1 access$getMIGRATION_1_2$cp() -> access$getMIGRATION_1_2$cp
    18:18:com.app.fityo.data_layer.db.DB.DbFit$Companion$MIGRATION_2_3$1 access$getMIGRATION_2_3$cp() -> access$getMIGRATION_2_3$cp
    18:18:com.app.fityo.data_layer.db.DB.DbFit$Companion$MIGRATION_3_4$1 access$getMIGRATION_3_4$cp() -> access$getMIGRATION_3_4$cp
    18:18:com.app.fityo.data_layer.db.DB.DbFit$Companion$MIGRATION_4_5$1 access$getMIGRATION_4_5$cp() -> access$getMIGRATION_4_5$cp
    18:18:void access$setINSTANCE$cp(com.app.fityo.data_layer.db.DB.DbFit) -> access$setINSTANCE$cp
com.app.fityo.data_layer.db.DB.DbFit$Companion -> com.app.fityo.data_layer.db.DB.DbFit$Companion:
# {"id":"sourceFile","fileName":"DbClient.kt"}
    0:0:void <init>(kotlin.jvm.internal.DefaultConstructorMarker) -> <init>
    35:35:void <init>() -> <init>
    90:90:com.app.fityo.data_layer.db.DB.DbFit getDatabase(android.content.Context) -> getDatabase
    91:91:com.app.fityo.data_layer.db.DB.DbFit getDatabase(android.content.Context) -> getDatabase
    92:92:com.app.fityo.data_layer.db.DB.DbFit getDatabase(android.content.Context) -> getDatabase
    93:93:com.app.fityo.data_layer.db.DB.DbFit getDatabase(android.content.Context) -> getDatabase
    94:94:com.app.fityo.data_layer.db.DB.DbFit getDatabase(android.content.Context) -> getDatabase
    96:96:com.app.fityo.data_layer.db.DB.DbFit getDatabase(android.content.Context) -> getDatabase
    97:97:com.app.fityo.data_layer.db.DB.DbFit getDatabase(android.content.Context) -> getDatabase
    98:98:com.app.fityo.data_layer.db.DB.DbFit getDatabase(android.content.Context) -> getDatabase
    99:99:com.app.fityo.data_layer.db.DB.DbFit getDatabase(android.content.Context) -> getDatabase
    100:100:com.app.fityo.data_layer.db.DB.DbFit getDatabase(android.content.Context) -> getDatabase
com.app.fityo.data_layer.db.DB.DbFit$Companion$MIGRATION_1_2$1 -> com.app.fityo.data_layer.db.DB.DbFit$Companion$MIGRATION_1_2$1:
# {"id":"sourceFile","fileName":"DbClient.kt"}
    40:40:void <init>() -> <init>
    43:43:void migrate(androidx.sqlite.db.SupportSQLiteDatabase) -> migrate
    45:45:void migrate(androidx.sqlite.db.SupportSQLiteDatabase) -> migrate
    46:46:void migrate(androidx.sqlite.db.SupportSQLiteDatabase) -> migrate
com.app.fityo.data_layer.db.DB.DbFit$Companion$MIGRATION_2_3$1 -> com.app.fityo.data_layer.db.DB.DbFit$Companion$MIGRATION_2_3$1:
# {"id":"sourceFile","fileName":"DbClient.kt"}
    49:49:void <init>() -> <init>
    52:52:void migrate(androidx.sqlite.db.SupportSQLiteDatabase) -> migrate
    63:63:void migrate(androidx.sqlite.db.SupportSQLiteDatabase) -> migrate
    67:67:void migrate(androidx.sqlite.db.SupportSQLiteDatabase) -> migrate
com.app.fityo.data_layer.db.DB.DbFit$Companion$MIGRATION_3_4$1 -> com.app.fityo.data_layer.db.DB.DbFit$Companion$MIGRATION_3_4$1:
# {"id":"sourceFile","fileName":"DbClient.kt"}
    70:70:void <init>() -> <init>
    73:73:void migrate(androidx.sqlite.db.SupportSQLiteDatabase) -> migrate
    75:75:void migrate(androidx.sqlite.db.SupportSQLiteDatabase) -> migrate
    76:76:void migrate(androidx.sqlite.db.SupportSQLiteDatabase) -> migrate
    77:77:void migrate(androidx.sqlite.db.SupportSQLiteDatabase) -> migrate
...
androidx.compose.ui.text.input.TextInputServiceAndroid$baseInputConnection$2 -> androidx.compose.ui.text.input.TextInputServiceAndroid$baseInputConnection$2:
# {"id":"sourceFile","fileName":"TextInputServiceAndroid.android.kt"}
    0:0:void <init>(androidx.compose.ui.text.input.TextInputServiceAndroid) -> <init>
    103:103:android.view.inputmethod.BaseInputConnection invoke() -> invoke
    103:103:java.lang.Object invoke() -> invoke
androidx.compose.ui.text.input.TextInputServiceAndroid$createInputConnection$1 -> androidx.compose.ui.text.input.TextInputServiceAndroid$createInputConnection$1:
# {"id":"sourceFile","fileName":"TextInputServiceAndroid.android.kt"}
    143:143:void <init>(androidx.compose.ui.text.input.TextInputServiceAndroid) -> <init>
    175:175:void onConnectionClosed(androidx.compose.ui.text.input.RecordingInputConnection) -> onConnectionClosed
    176:176:void onConnectionClosed(androidx.compose.ui.text.input.RecordingInputConnection) -> onConnectionClosed
    177:177:void onConnectionClosed(androidx.compose.ui.text.input.RecordingInputConnection) -> onConnectionClosed
    178:178:void onConnectionClosed(androidx.compose.ui.text.input.RecordingInputConnection) -> onConnectionClosed
    181:181:void onConnectionClosed(androidx.compose.ui.text.input.RecordingInputConnection) -> onConnectionClosed
    145:145:void onEditCommands(java.util.List) -> onEditCommands
    146:146:void onEditCommands(java.util.List) -> onEditCommands
    149:149:void onImeAction-KlQnJC8(int) -> onImeAction-KlQnJC8
    150:150:void onImeAction-KlQnJC8(int) -> onImeAction-KlQnJC8
    153:153:void onKeyEvent(android.view.KeyEvent) -> onKeyEvent
    154:154:void onKeyEvent(android.view.KeyEvent) -> onKeyEvent
    164:164:void onRequestCursorAnchorInfo(boolean,boolean,boolean,boolean,boolean,boolean) -> onRequestCursorAnchorInfo
androidx.compose.ui.text.input.TextInputServiceAndroid$onEditCommand$1 -> androidx.compose.ui.text.input.TextInputServiceAndroid$onEditCommand$1:
# {"id":"sourceFile","fileName":"TextInputServiceAndroid.android.kt"}
    0:0:void <clinit>() -> <clinit>
    0:0:void <init>() -> <init>
    86:86:java.lang.Object invoke(java.lang.Object) -> invoke
    86:86:void invoke(java.util.List) -> invoke
androidx.compose.ui.text.input.TextInputServiceAndroid$onImeActionPerformed$1 -> androidx.compose.ui.text.input.TextInputServiceAndroid$onImeActionPerformed$1:
# {"id":"sourceFile","fileName":"TextInputServiceAndroid.android.kt"}
    0:0:void <clinit>() -> <clinit>
    0:0:void <init>() -> <init>
    87:87:java.lang.Object invoke(java.lang.Object) -> invoke
    87:87:void invoke-KlQnJC8(int) -> invoke-KlQnJC8