wear/build/outputs/mapping/debug/usage.txt
com.app.fityo.data_layer.db.DB.DbFit:
    public abstract com.app.fityo.data_layer.db.dao.DaoNotifications notificationsDao()
com.app.fityo.data_layer.db.DB.DbFit_Impl:
    private volatile com.app.fityo.data_layer.db.dao.DaoNotifications _daoNotifications
    public void clearAllTables()
    public com.app.fityo.data_layer.db.dao.DaoNotifications notificationsDao()
com.app.fityo.data_layer.db.EsserciziEntity:
    public static final int $stable
    public synthetic void <init>(java.lang.Integer,java.lang.String,java.lang.String,int,int,java.lang.Integer,java.lang.Integer,java.lang.Float,boolean,int,int,kotlin.jvm.internal.DefaultConstructorMarker)
    public final java.lang.Integer component1()
    public final int component10()
    public final java.lang.String component2()
    public final java.lang.String component3()
    public final int component4()
    public final int component5()
    public final java.lang.Integer component6()
    public final java.lang.Integer component7()
    public final java.lang.Float component8()
    public final boolean component9()
com.app.fityo.data_layer.db.NotificationEntity:
    public static final int $stable
    private java.lang.Integer id
    private final java.lang.String message
    private final boolean read
    private final java.lang.Integer schedaId
    private final long timestamp
    private final java.lang.String title
    static void <clinit>()
    public void <init>(java.lang.Integer,java.lang.String,java.lang.String,long,java.lang.Integer,boolean)
    public synthetic void <init>(java.lang.Integer,java.lang.String,java.lang.String,long,java.lang.Integer,boolean,int,kotlin.jvm.internal.DefaultConstructorMarker)
    public final java.lang.Integer component1()
    public final java.lang.String component2()
    public final java.lang.String component3()
    public final long component4()
    public final java.lang.Integer component5()
    public final boolean component6()
    public final com.app.fityo.data_layer.db.NotificationEntity copy(java.lang.Integer,java.lang.String,java.lang.String,long,java.lang.Integer,boolean)
    public static synthetic com.app.fityo.data_layer.db.NotificationEntity copy$default(com.app.fityo.data_layer.db.NotificationEntity,java.lang.Integer,java.lang.String,java.lang.String,long,java.lang.Integer,boolean,int,java.lang.Object)
    public boolean equals(java.lang.Object)
    public final java.lang.Integer getId()
    public final java.lang.String getMessage()
    public final boolean getRead()
    public final java.lang.Integer getSchedaId()
com.app.fityo.data_layer.db.SchedeEntity:
    public synthetic void <init>(java.lang.Integer,java.lang.String,java.util.List,java.lang.String,java.lang.String,java.lang.String,java.lang.String,java.lang.String,boolean,boolean,java.lang.String,java.lang.Integer,java.lang.Integer,java.lang.Integer,int,kotlin.jvm.internal.DefaultConstructorMarker)
    public final java.lang.Integer component1()
    public final boolean component10()
    public final java.lang.String component11()
    public final java.lang.Integer component12()
    public final java.lang.Integer component13()
    public final java.lang.Integer component14()
    public final java.lang.String component2()
    public final java.util.List component3()
    public final java.lang.String component4()
    public final java.lang.String component5()
    public final java.lang.String component6()
    public final java.lang.String component7()
    public final java.lang.String component8()
    public final boolean component9()
    public final void setAvgHeartRate(java.lang.Integer)
    public final void setCompleted(boolean)
    public final void setCompletedDate(java.lang.String)
    public final void setFavorite(boolean)
    public final void setId(java.lang.Integer)
    public final void setMaxHeartRate(java.lang.Integer)
    public final void setTotalSteps(java.lang.Integer)
...
androidx.compose.ui.platform.AndroidComposeViewAccessibilityDelegateCompat_androidKt:
    public static final boolean getDisableContentCapture()
    public static synthetic void getDisableContentCapture$annotations()
    public static final void setDisableContentCapture(boolean)
androidx.compose.ui.platform.AndroidComposeViewSensitiveContent35
androidx.compose.ui.platform.AndroidComposeViewTranslationCallbackS:
    public static final int $stable
androidx.compose.ui.platform.AndroidComposeView_androidKt:
    private static final long ONE_FRAME_120_HERTZ_IN_MILLISECONDS
    public static final void setPlatformTextInputServiceInterceptor(kotlin.jvm.functions.Function1)
androidx.compose.ui.platform.AndroidCompositionLocals_androidKt:
    public static final androidx.compose.runtime.ProvidableCompositionLocal getLocalImageVectorCache()
    public static final androidx.compose.runtime.ProvidableCompositionLocal getLocalLifecycleOwner()
    public static synthetic void getLocalLifecycleOwner$annotations()
    public static final androidx.compose.runtime.ProvidableCompositionLocal getLocalResourceIdCache()
    public static final androidx.compose.runtime.ProvidableCompositionLocal getLocalSavedStateRegistryOwner()
    public static synthetic void getLocalSavedStateRegistryOwner$annotations()
androidx.compose.ui.platform.AndroidFontResourceLoader:
    public android.graphics.Typeface load(androidx.compose.ui.text.font.Font)
    public synthetic bridge java.lang.Object load(androidx.compose.ui.text.font.Font)
androidx.compose.ui.platform.AndroidFontResourceLoaderHelper
androidx.compose.ui.platform.AndroidPlatformTextInputSession$startInputMethod$1
androidx.compose.ui.platform.AndroidPlatformTextInputSession$startInputMethod$2$1
androidx.compose.ui.platform.AndroidPlatformTextInputSession$startInputMethod$2
androidx.compose.ui.platform.AndroidPlatformTextInputSession$startInputMethod$3$1$1
androidx.compose.ui.platform.AndroidPlatformTextInputSession$startInputMethod$3
androidx.compose.ui.platform.AndroidPlatformTextInputSession:
    public static final int $stable
    private final kotlinx.coroutines.CoroutineScope coroutineScope
    private final java.util.concurrent.atomic.AtomicReference methodSessionMutex
    private final androidx.compose.ui.text.input.TextInputService textInputService
    private final android.view.View view
    static void <clinit>()
    public void <init>(android.view.View,androidx.compose.ui.text.input.TextInputService,kotlinx.coroutines.CoroutineScope)
    public static final synthetic kotlinx.coroutines.CoroutineScope access$getCoroutineScope$p(androidx.compose.ui.platform.AndroidPlatformTextInputSession)
    public static final synthetic androidx.compose.ui.text.input.TextInputService access$getTextInputService$p(androidx.compose.ui.platform.AndroidPlatformTextInputSession)
    public kotlin.coroutines.CoroutineContext getCoroutineContext()
    public android.view.View getView()
    public java.lang.Object startInputMethod(androidx.compose.ui.platform.PlatformTextInputMethodRequest,kotlin.coroutines.Continuation)
androidx.compose.ui.platform.AndroidTextToolbar:
    public androidx.compose.ui.platform.TextToolbarStatus getStatus()
    public void hide()
    public void showMenu(androidx.compose.ui.geometry.Rect,kotlin.jvm.functions.Function0,kotlin.jvm.functions.Function0,kotlin.jvm.functions.Function0,kotlin.jvm.functions.Function0)
    public void showMenu(androidx.compose.ui.geometry.Rect,kotlin.jvm.functions.Function0,kotlin.jvm.functions.Function0,kotlin.jvm.functions.Function0,kotlin.jvm.functions.Function0,kotlin.jvm.functions.Function0)
androidx.compose.ui.platform.AndroidUiFrameClock:
    public void <init>(android.view.Choreographer)
androidx.compose.ui.platform.AndroidViewConfiguration:
    public float getHandwritingGestureLineMargin()
    public float getHandwritingSlop()
    public float getMinimumFlingVelocity()
androidx.compose.ui.platform.AndroidViewConfigurationApi34